-61817
0 91 -6
0 229 24
0 448 -67
1 38 36
1 278 -53
1 314 26
1 356 -17
1 400 -53
2 201 -88
3 41 -44
3 388 -18
3 428 -31
3 488 -25
5 69 -40
5 326 -54
5 468 -61
6 122 11
6 131 -25
6 256 -88
6 292 -35
6 437 10
7 260 -19
7 289 -46
7 336 -77
7 413 48
7 419 -38
8 142 41
8 246 -72
8 345 -43
9 133 -98
9 234 -96
9 292 39
10 288 -46
10 455 -44
10 490 3
11 30 8
11 106 -97
11 241 43
11 373 -98
11 460 29
12 151 -54
12 282 -82
12 346 -96
12 454 -68
12 478 7
13 83 -38
13 192 -42
13 312 -59
13 322 -55
15 52 -15
15 112 -97
15 328 -38
16 92 -66
16 177 -21
16 246 -64
16 461 -55
17 294 -56
17 473 17
18 83 -38
18 199 -51
18 448 -30
19 41 -12
19 168 -16
19 352 -20
19 451 5
19 492 -88
20 344 -69
20 423 -79
20 433 35
21 10 9
21 165 11
22 79 -71
22 366 -4
24 100 -98
24 151 -52
24 231 -18
24 262 40
24 313 -29
24 404 -50
24 489 -10
25 15 -63
25 40 -17
25 61 -52
25 86 -76
25 375 -25
25 497 -44
26 113 -33
26 173 22
26 179 -87
26 323 -7
27 19 -41
27 40 -76
27 138 -94
27 254 43
27 375 -89
27 393 9
28 328 -11
28 451 -2
29 53 -69
29 308 -27
29 429 -37
29 478 -3
30 24 -56
30 352 19
31 26 2
31 73 -36
32 212 -23
32 386 -73
32 394 -32
32 435 8
32 448 24
33 29 -73
33 498 45
34 191 -13
34 243 8
34 329 20
34 367 13
34 497 -37
35 64 -96
35 79 -84
35 109 -67
35 254 49
35 272 24
36 162 -82
36 239 -23
37 317 -69
37 319 32
38 42 -47
38 65 -57
38 222 -7
38 235 -77
39 85 17
39 101 -96
39 191 -31
39 263 -66
39 277 -93
39 423 23
40 78 -23
40 208 -76
40 361 -19
40 367 -13
41 95 -38
41 432 -48
42 65 -18
42 138 16
42 282 -7
42 494 -60
43 9 -90
43 46 3
43 61 42
43 62 -80
43 89 -10
43 118 -16
43 218 38
43 313 -36
43 425 -36
43 484 26
43 491 -90
44 35 -56
44 222 -82
44 236 -10
45 206 -41
45 235 -40
45 301 -20
45 316 -67
45 438 -85
45 471 -71
46 230 -6
46 328 -55
46 432 21
46 466 -71
47 105 -40
47 187 6
47 340 -95
48 15 -78
48 298 -60
48 349 -42
48 449 -88
49 30 -62
50 192 -48
50 218 -14
50 256 -95
50 336 -89
50 374 65
50 482 -99
51 209 34
51 456 22
51 484 38
52 31 -53
52 436 -68
53 41 18
53 137 40
53 247 40
54 26 -14
54 96 -73
54 155 18
54 493 -1
55 0 -42
55 37 -99
55 76 -64
55 332 -52
55 368 -74
55 428 -45
56 70 -46
56 167 -94
56 227 -27
57 214 -13
57 248 -79
57 280 -58
58 183 -69
58 279 -66
58 322 -41
59 43 -31
59 195 -83
59 477 -96
60 42 -52
60 51 -28
60 108 -41
60 161 -31
60 184 -46
60 229 -52
60 349 18
61 36 -11
61 84 -94
61 122 -26
61 145 -86
61 208 -69
61 318 -17
61 350 21
61 449 -15
61 485 -99
62 401 -11
62 428 -54
62 473 -78
63 237 -67
64 42 -55
64 207 -99
66 95 -44
68 153 -16
68 315 -10
68 368 -38
69 48 -34
69 59 -28
69 188 30
69 369 -17
69 451 -9
70 6 -96
70 111 2
70 135 -68
70 309 29
70 362 -98
71 9 -55
71 285 -95
71 446 19
71 473 -46
72 97 -2
72 316 -2
72 424 -28
72 460 31
73 22 36
73 93 -71
73 429 -1
74 25 10
74 81 -43
74 110 -78
74 165 27
74 295 -43
74 339 -28
74 445 -35
74 449 -55
76 20 -35
76 33 -96
76 77 -48
76 197 -38
76 445 -68
76 467 -41
76 478 -36
77 43 -93
77 146 -85
78 20 -6
78 173 -60
78 263 -89
78 462 27
79 24 -65
79 104 -40
79 138 -89
79 221 -54
79 358 -45
79 498 -77
80 114 -56
80 195 -35
80 291 -62
80 463 14
81 19 -77
81 109 20
81 136 -40
81 264 -98
81 300 -51
81 311 -41
81 403 27
82 124 -3
82 188 -56
82 316 -91
82 392 -70
83 339 -69
84 443 -80
84 470 -51
85 79 -37
85 191 -88
85 220 -10
85 251 -52
85 274 -15
85 300 -32
85 362 -70
85 395 -42
86 145 2
86 212 12
86 359 20
87 289 -19
88 39 -51
88 245 -24
88 353 -11
88 365 -98
89 84 -5
89 106 3
89 191 44
89 349 -13
89 485 -40
89 491 -49
90 147 -36
90 202 -65
90 245 -63
90 288 34
90 313 -57
90 352 -84
91 235 47
91 418 41
91 498 47
92 18 -14
92 51 -3
92 300 34
92 432 -32
93 253 -94
93 494 -69
94 90 45
94 209 -93
94 237 11
94 239 47
94 289 -94
95 71 1
95 236 4
95 486 -26
96 17 -2
96 60 -93
96 407 35
96 408 41
96 426 -18
97 35 10
97 427 -1
98 7 -99
98 63 -26
98 78 -80
98 100 -32
98 195 -70
98 319 30
98 325 -75
100 188 53
100 332 -60
100 402 22
101 8 17
101 25 -3
101 308 -99
101 388 -86
101 396 18
101 399 41
101 422 -90
102 317 35
102 484 -60
103 81 -45
103 150 -21
103 189 -16
103 263 2
104 419 -25
105 17 -89
105 177 -36
105 211 -36
105 343 -50
105 436 -99
106 166 -72
106 379 -43
107 335 -88
107 413 -44
108 71 45
108 186 -24
108 310 -28
108 379 56
108 485 -27
109 207 -87
109 255 -19
109 256 -54
110 45 -16
110 348 -34
111 7 -49
111 148 19
111 154 -34
111 398 -96
112 271 -53
112 370 -23
112 477 -14
113 79 -54
113 335 -54
113 427 -43
114 1 -41
114 182 -63
114 281 18
114 375 -30
114 435 -80
115 1 -23
115 48 0
115 121 -38
115 155 -42
115 234 39
115 257 -20
115 369 4
115 495 -44
116 91 -39
116 157 3
116 325 24
117 171 -58
117 217 12
117 260 31
118 172 -99
118 255 -93
118 262 -86
118 413 -29
118 421 -4
118 464 -59
119 58 -39
119 196 28
120 71 -54
120 87 -45
120 196 0
120 499 -87
121 303 -79
122 45 -66
122 103 -24
122 271 -55
122 326 35
122 344 -44
123 366 -68
123 425 7
124 11 -62
124 107 -78
124 196 -70
124 318 -75
124 491 -19
125 154 -99
125 238 30
125 418 -14
125 464 -73
126 109 -91
126 158 -84
126 174 -66
126 257 -20
126 284 -100
126 443 -98
127 45 -91
127 51 -55
127 94 -54
127 178 -9
127 396 -93
127 398 -83
127 498 -82
128 9 -19
128 161 -92
128 191 -34
129 44 12
129 81 9
129 177 3
129 413 -58
129 415 5
130 71 -52
130 222 14
130 250 -74
131 54 -86
131 292 -10
131 426 -67
131 433 30
132 8 -3
132 45 -85
132 474 -97
133 22 2
133 162 -17
133 247 -14
133 355 -60
133 489 -21
134 158 -39
134 424 -39
135 96 -14
135 270 -96
135 371 6
136 199 -69
136 344 29
137 224 -33
137 325 -98
138 328 -94
138 475 -34
139 264 21
139 376 10
139 394 6
139 415 -43
139 469 -34
140 80 1
140 83 -76
140 401 -99
140 406 -23
140 467 -30
141 38 1
141 351 -32
142 0 -74
142 140 -65
142 198 -2
142 260 21
142 322 -91
143 379 -1
143 444 -53
143 461 -74
144 90 -27
144 199 -50
144 230 22
144 249 49
144 443 3
145 76 21
145 154 -17
146 111 -30
146 227 -7
146 272 0
147 214 -61
147 401 27
147 447 43
148 9 -67
148 43 -56
148 56 53
148 180 -52
148 208 43
148 420 17
149 35 -82
149 137 -57
150 91 8
150 147 -63
150 360 33
150 441 -52
151 262 -99
151 370 25
151 414 -100
151 465 8
152 357 -97
152 361 -71
152 429 -15
152 445 16
152 489 -79
153 12 -68
153 30 -65
153 165 -65
154 14 -67
154 170 -80
154 309 13
155 150 -6
155 412 31
155 444 -54
156 41 -90
156 210 -72
156 309 9
156 388 -33
157 10 -49
157 16 38
157 117 22
157 280 -53
157 337 -63
157 402 -9
158 476 -65
159 15 13
159 107 -11
159 155 -78
159 343 -24
159 359 18
160 159 -41
160 208 24
160 471 10
161 193 -100
162 54 -18
162 121 -56
162 125 -74
162 171 -85
162 246 29
162 319 -30
163 60 6
163 236 -28
163 395 -80
164 124 17
164 320 35
164 431 15
164 445 -31
164 453 -62
165 18 -81
165 175 -65
165 215 -56
165 298 -8
166 390 -91
167 39 -63
167 79 51
167 219 -98
167 396 32
168 454 -45
169 242 -77
170 86 41
170 204 -38
170 269 -54
170 297 8
171 319 34
171 352 -30
173 248 -42
173 249 -46
173 383 -99
174 163 -53
174 462 47
174 463 -26
175 430 -96
176 131 -1
176 216 8
176 254 -98
177 171 -21
177 235 45
177 238 42
177 329 -34
177 421 -98
178 70 23
178 90 44
178 114 -8
178 264 -90
178 292 -55
178 310 -64
179 17 -68
179 58 -19
179 148 -1
180 174 34
180 226 41
180 495 -54
182 50 -79
182 482 -20
183 31 -78
183 210 -82
184 2 -61
184 48 -20
184 194 -1
184 434 -43
185 56 27
185 179 -45
185 180 -4
185 399 -51
185 460 26
186 54 -66
186 60 -32
187 353 2
187 384 -32
187 429 -15
188 70 7
188 276 28
188 358 -88
188 450 -53
189 72 -9
189 373 -78
189 384 -58
189 486 1
190 151 -44
190 174 -90
191 177 -42
191 217 -80
191 368 -20
191 493 -83
192 14 -92
192 304 11
192 322 -33
192 426 12
193 8 17
193 85 -28
193 223 -5
193 240 -69
193 252 7
193 297 -5
193 355 19
193 373 -59
194 341 5
194 421 -85
194 452 -88
195 18 -35
195 51 -1
195 63 10
195 140 -70
195 161 -46
195 247 19
195 317 -54
195 402 -39
196 138 1
196 154 -79
196 209 19
196 397 -42
197 5 -9
197 299 0
197 385 55
199 61 -62
199 168 -7
199 289 0
199 328 -68
199 463 -40
200 47 -37
200 161 -56
200 205 -72
200 237 -96
201 156 -95
201 174 -64
201 479 -36
203 99 -93
203 346 40
203 389 12
203 408 -67
203 426 59
204 103 -47
204 114 -41
204 405 7
205 44 -42
205 46 -75
205 241 11
205 284 1
205 310 -24
205 435 -7
206 146 -45
206 173 -89
206 203 6
206 295 -22
206 357 -3
206 421 13
207 78 -89
207 190 -59
208 40 1
208 148 52
208 256 -93
208 264 25
208 304 -12
208 322 -90
208 411 -59
209 3 -93
209 145 -71
209 220 24
209 377 1
209 408 -81
210 252 -50
210 287 15
210 475 -36
211 303 28
212 217 -22
212 322 -35
212 417 -19
213 59 -95
213 355 -90
213 396 33
213 431 -21
214 33 -28
214 262 -48
214 349 54
214 374 52
214 485 54
214 496 -33
215 27 -25
216 212 -83
216 301 44
216 395 -53
217 64 -75
217 213 -34
217 296 1
218 0 -9
218 186 -61
218 263 -25
218 312 46
218 383 -8
218 424 -9
219 2 17
219 12 -99
219 116 -45
219 316 -45
219 403 -61
219 435 -87
219 489 -83
219 497 28
220 69 16
220 106 28
220 113 42
220 246 -31
220 306 39
220 370 -84
220 467 -13
220 480 -6
221 98 -36
221 119 -58
221 150 -90
221 345 28
221 350 -43
221 355 -66
222 45 -32
222 216 -38
222 232 29
222 279 -53
222 383 -66
222 462 -72
222 498 -69
223 83 -36
223 290 -27
224 10 -61
225 303 -16
225 484 -32
226 80 -89
226 113 -90
226 274 21
226 388 -73
226 395 22
227 62 -99
227 318 -69
227 354 -45
228 42 -65
228 254 -98
228 456 -85
229 273 -14
229 317 56
229 385 -91
230 225 -59
230 338 12
230 400 -29
230 404 -1
231 254 -85
232 22 60
232 187 -69
232 221 17
232 249 -17
232 487 -13
233 143 -91
233 153 -34
233 435 -75
234 309 -8
234 459 -52
235 2 -78
235 84 -19
235 138 -53
236 3 -84
236 112 -27
236 146 -84
236 242 16
236 258 -84
236 268 -83
236 277 -17
236 331 10
236 333 -40
236 411 -88
236 431 -62
236 442 -74
236 454 -97
237 196 -25
237 199 -49
237 490 -5
238 270 21
238 326 -41
238 484 -89
239 21 -50
239 207 -47
240 341 -29
241 138 -15
241 149 19
241 212 16
241 284 -40
241 392 -46
241 421 6
242 31 -89
242 90 -8
242 180 -3
242 249 40
242 254 -31
242 297 -53
242 339 -14
242 357 -50
242 435 0
243 177 -89
244 48 -9
244 376 5
244 478 -97
245 29 8
245 187 22
245 359 24
245 386 -16
245 389 -84
245 433 25
245 460 -69
245 486 -25
246 59 -25
246 72 21
246 159 52
246 376 -28
246 394 21
247 128 -99
247 249 -65
248 251 -60
248 400 -53
249 426 -22
249 450 19
250 78 33
250 270 33
250 497 -1
251 78 -45
251 122 -62
251 136 -37
251 247 -6
251 347 -71
252 22 -39
252 243 -82
252 279 -45
252 319 -27
253 15 4
253 162 -25
253 252 -66
253 295 -97
253 432 -68
254 420 -85
254 462 -83
254 470 8
255 245 -48
255 459 -17
256 46 -13
256 159 18
256 367 3
256 371 -54
256 424 9
256 437 -42
257 41 -39
257 442 -38
259 21 27
259 56 -87
259 130 -48
259 184 -26
259 185 -40
260 32 34
260 97 -19
260 231 -46
260 373 -74
260 381 -15
261 234 -16
261 260 44
261 419 -92
262 240 -14
262 292 -76
262 443 -68
263 198 -94
263 376 -70
263 385 25
263 397 -63
265 232 35
265 326 -40
265 428 -65
266 21 54
266 445 -26
267 56 7
267 125 -42
267 128 -59
267 210 -8
267 235 -93
267 260 48
267 411 -3
269 32 -45
269 77 -84
269 418 -27
270 234 37
270 385 -33
270 477 43
271 349 56
272 178 41
272 247 -15
272 420 -99
273 162 17
274 248 -23
274 451 -50
275 26 -53
275 303 38
276 195 36
276 260 -93
276 445 -25
277 288 20
277 448 31
277 477 -30
277 492 -85
278 139 -17
278 268 10
278 325 20
278 470 -41
278 482 -26
279 200 5
279 237 -5
279 423 -85
281 296 -36
281 393 -17
281 404 -61
282 194 -82
282 231 -68
282 284 31
282 327 22
282 348 14
282 375 -81
283 324 -61
284 5 -81
284 297 -69
284 361 -45
284 479 -27
285 257 -11
285 291 -66
285 334 17
285 427 7
286 51 -97
286 320 -24
286 371 -2
286 413 -76
286 430 44
287 58 22
287 144 20
288 190 -16
289 115 -34
289 188 -80
290 104 -62
290 312 -27
290 333 -61
290 345 -9
290 424 -37
291 76 -75
291 84 -3
291 126 -44
291 220 -49
291 313 -42
291 319 20
291 334 -65
292 232 -39
292 244 -19
292 414 -65
293 7 22
293 8 -52
293 163 -31
293 216 -95
293 254 33
293 370 -42
293 455 -9
294 71 -62
294 107 -55
294 157 -34
294 334 -99
294 397 -76
294 490 -82
295 9 14
295 57 8
295 70 -62
295 119 -99
295 185 29
295 238 -32
295 293 -50
295 375 24
296 243 -45
296 247 20
296 389 16
296 440 -93
297 455 0
298 7 -39
298 232 28
298 316 -28
298 349 -99
298 495 -47
299 76 -68
299 131 -85
299 207 59
299 340 3
299 361 25
299 373 -94
299 451 -7
300 136 51
300 419 -93
301 24 -95
301 178 -97
301 230 34
301 239 -28
301 272 -73
301 322 -37
301 359 31
301 368 -30
301 458 -2
301 469 -98
302 165 19
303 109 -56
303 177 -17
303 219 -70
304 9 -91
304 148 -87
304 164 -80
305 378 29
305 384 -72
305 485 41
306 20 -51
306 24 -24
306 315 -28
306 430 -81
306 433 -28
307 191 -97
307 200 -53
308 217 48
308 340 -10
308 360 -17
309 204 -58
310 183 25
310 199 -48
310 264 -50
310 470 -21
311 26 7
311 118 -86
311 144 -84
311 150 -15
311 214 53
311 275 -74
311 370 -95
311 400 -15
311 410 -57
311 417 20
311 419 -54
312 33 -76
312 131 33
312 203 -50
312 240 -63
312 248 -84
312 270 18
312 326 42
312 379 -98
312 431 -24
312 440 -93
313 29 -60
313 68 -62
314 27 -5
314 79 -54
314 220 34
314 246 -51
314 263 11
315 65 -62
315 169 59
315 284 -1
315 393 -59
315 437 -36
316 55 -93
316 99 53
316 120 -14
316 273 -14
316 479 -91
317 89 -93
317 113 -81
317 227 -94
317 270 2
317 470 55
318 172 -77
318 414 -53
318 446 -59
318 449 -93
320 499 5
321 459 17
323 318 -99
324 120 -44
324 146 -98
324 171 41
324 255 -49
324 465 -66
325 36 -70
325 143 -75
325 163 -15
326 30 -85
326 341 -62
326 408 39
326 473 -89
326 483 -4
327 132 -41
327 190 -19
327 308 -98
327 382 -76
327 457 -61
328 100 -28
328 329 -35
328 378 -60
328 414 4
328 435 -38
328 473 27
329 121 32
329 300 13
329 316 24
329 354 25
329 491 -37
330 16 -72
330 226 -93
330 365 -100
330 435 -63
331 33 40
331 249 -69
331 256 -66
331 432 -90
331 447 -4
332 143 -57
332 170 -89
332 223 4
333 176 -25
334 278 -48
334 337 -64
335 148 -18
335 248 -25
335 302 -71
335 421 -57
336 171 -34
336 219 -72
336 365 41
336 432 11
337 184 -65
337 372 -50
337 398 -31
338 44 -48
339 383 -53
339 391 -32
339 479 32
340 348 23
340 355 26
340 385 -7
340 466 -45
340 488 -48
341 41 -23
341 224 -51
341 370 4
341 394 -5
341 466 -72
342 12 -26
342 73 -21
342 161 31
342 262 42
342 269 -2
342 459 -72
343 17 26
343 42 -7
343 89 -21
343 159 -85
343 191 13
343 423 -42
344 148 18
344 256 45
344 367 -41
344 395 -13
344 476 -75
345 52 -38
345 117 -99
345 326 12
345 341 -70
346 23 -52
346 131 -100
346 175 -95
346 269 -97
346 274 -14
347 247 14
347 293 -87
347 454 15
348 55 -73
348 78 12
348 329 -9
349 28 15
349 83 -57
349 88 17
349 92 -89
349 108 -25
349 190 -65
349 253 -74
349 465 9
350 26 9
351 280 26
351 282 -91
351 309 -68
351 318 -58
351 456 19
352 27 -62
352 142 3
353 67 7
353 69 -100
353 79 28
353 385 19
353 483 -90
354 7 -26
354 169 -68
354 244 17
354 297 -96
354 306 4
354 373 -45
354 478 -15
354 490 -71
355 264 -52
355 375 -98
355 463 -54
356 70 -33
356 205 0
356 420 18
357 73 -63
357 102 -11
357 184 -38
357 237 -100
357 276 -49
357 399 -87
357 474 -97
357 482 2
359 32 -50
359 247 -64
359 317 -89
359 344 -61
359 390 1
359 444 -37
359 464 -41
360 247 -12
360 349 -46
360 441 4
360 457 -37
361 11 5
361 149 -10
361 328 22
361 329 -17
362 74 -38
362 267 -28
363 82 -90
364 60 -14
364 341 -1
365 180 34
365 185 -61
365 322 -26
365 384 -66
365 461 -43
365 470 -25
366 208 -1
366 218 -21
366 358 -85
366 432 -30
367 133 -3
367 177 -63
368 438 -98
369 75 -35
370 11 -55
370 107 39
370 180 -66
370 222 -57
370 378 -73
371 31 -92
371 197 16
371 228 -74
371 446 7
371 499 -91
372 52 14
372 209 -31
372 229 -95
372 336 -37
374 15 -9
374 50 -15
374 372 -9
375 173 -30
375 183 -52
375 233 -90
375 388 -71
375 435 7
376 393 -69
377 5 -54
377 424 -70
377 483 -59
378 121 -73
378 230 -45
379 174 15
379 191 27
379 331 -6
379 363 -96
379 462 13
379 493 -23
380 174 49
381 24 -81
383 58 -70
383 80 -86
383 115 -66
383 192 -50
383 196 -78
383 292 -94
383 456 -3
384 97 -8
384 347 -33
385 162 -7
385 249 -40
385 250 -38
385 264 -86
385 329 45
385 483 -54
386 35 -47
386 227 -20
386 395 9
386 490 -92
387 99 -41
387 192 -35
387 247 -51
387 269 -40
388 79 -64
388 106 -35
389 60 23
389 196 -73
389 220 -94
390 146 -31
390 200 -53
390 239 -100
390 395 -84
390 448 24
391 178 -75
391 398 46
392 121 -72
392 182 -98
392 189 -67
392 231 -79
392 391 -79
392 417 -74
393 110 -90
393 197 -35
393 287 -60
394 11 -36
394 312 -69
394 335 11
394 377 0
394 494 -39
395 26 -41
395 356 -67
396 72 -89
396 164 -18
396 496 -11
397 278 -20
397 335 -28
397 337 -50
397 362 -59
397 381 -37
397 392 50
398 13 -25
398 55 -52
398 57 -15
398 144 55
398 197 45
398 374 44
398 400 -32
398 433 -28
399 35 -74
399 251 -3
399 312 -50
400 165 44
400 184 -32
400 216 -3
400 252 -29
400 445 -66
400 484 50
401 173 56
401 197 -40
401 325 23
402 151 -62
402 253 -1
403 7 -48
403 40 -6
403 46 45
403 236 -7
403 306 3
404 6 -11
404 128 -49
404 339 -1
405 79 -68
405 83 31
405 383 -71
406 325 -84
406 478 15
407 100 -61
407 144 -89
407 344 35
407 360 4
407 380 -34
407 381 -34
407 448 -83
407 496 40
408 84 33
408 85 40
408 126 28
408 411 -66
409 269 -93
409 336 34
409 472 -72
410 17 -44
410 140 -56
410 174 -87
410 194 -44
410 209 8
410 261 -95
410 292 -23
410 394 -50
411 1 -97
411 124 -5
412 99 -92
412 171 -95
412 256 -100
412 271 -47
412 287 -93
413 24 -28
413 121 -48
413 411 -22
414 289 -62
414 409 28
414 480 -76
415 54 -33
415 200 -22
415 446 14
416 236 -55
416 247 36
417 9 -57
417 10 -94
417 101 -30
417 149 54
417 264 -86
418 118 -42
419 4 -74
419 214 -15
419 319 -2
420 199 -66
420 341 41
420 460 -68
420 489 -3
421 498 9
422 397 40
423 10 -4
423 355 -25
423 361 -11
423 400 -77
423 426 -67
423 454 -59
424 13 -63
424 245 -100
426 295 -37
427 105 -99
427 268 -63
427 498 -59
428 44 -76
428 85 -69
428 125 -73
428 259 -94
428 278 -66
429 115 -7
429 194 39
429 304 -31
429 355 -31
429 358 -93
429 368 -9
429 376 -22
429 490 1
430 101 -98
430 106 -94
430 169 11
430 248 27
430 278 -45
430 499 -34
431 36 -36
431 164 -67
431 261 36
431 463 -75
432 21 -60
432 65 -77
432 195 -50
432 401 -30
432 480 -89
433 57 12
433 85 -90
433 115 28
433 125 -85
433 137 -8
433 142 21
433 319 -71
433 430 -48
433 494 -55
434 120 -13
434 182 -33
434 332 -42
434 356 -81
435 441 -65
435 448 -88
436 216 -57
436 362 -42
436 400 -28
436 418 -48
437 115 -10
437 131 -76
438 119 -45
438 408 -93
438 454 -85
438 460 9
439 304 -76
439 344 -43
440 102 -88
440 281 -18
440 304 -11
440 485 55
441 197 14
442 99 -31
442 152 -40
442 190 -90
442 301 -89
442 325 -60
442 447 -33
443 123 -82
443 148 -100
443 377 -9
443 462 -94
443 469 -39
444 58 -9
444 113 -26
444 223 -50
444 231 -10
444 249 -15
444 294 6
445 111 -67
445 157 26
445 410 -61
446 90 -53
447 95 -48
447 131 -47
447 248 19
447 284 -96
447 336 -3
448 109 -29
448 368 -69
448 371 -27
449 13 -93
449 52 -15
449 73 -61
449 120 -76
450 354 -42
451 152 -43
451 246 -26
451 471 28
452 168 -81
452 183 -7
452 311 -74
452 407 -68
453 58 -37
453 279 -54
454 39 30
454 166 -53
454 250 -79
454 333 -70
455 82 -76
455 262 10
455 281 -99
455 298 -83
455 342 -82
455 436 -87
458 77 -95
458 374 -23
459 38 -12
459 279 -99
460 32 -4
460 157 28
460 172 -37
460 190 25
460 246 36
460 326 -57
460 386 36
460 469 -21
461 23 -93
461 26 -60
461 53 -63
461 129 2
461 299 -6
461 370 -93
462 18 -96
462 74 -92
462 147 -90
462 164 30
462 213 -33
462 299 -35
462 383 45
462 406 -85
463 113 -47
463 287 -9
463 291 9
463 364 47
463 365 -54
463 428 -64
463 461 -61
464 74 -66
464 142 -17
464 441 -8
465 17 6
465 395 4
465 402 -68
466 176 -96
466 250 -82
466 327 -47
466 476 -12
467 22 -96
467 49 -91
467 214 -86
467 264 -70
468 235 -55
468 372 -18
468 421 -45
469 161 -10
469 306 -18
469 437 -43
469 453 -86
469 493 -32
470 62 -66
470 154 -18
470 443 -30
471 4 -74
471 348 -75
471 350 -75
472 229 -87
472 303 10
473 26 -66
473 79 48
473 295 -67
474 25 -82
474 43 -70
474 44 -41
474 323 -42
476 113 -98
476 427 -5
476 443 42
476 477 -92
476 479 33
477 200 -41
477 207 30
477 486 -68
478 161 -26
478 304 9
478 393 -26
478 405 -63
478 413 43
479 144 -77
479 181 -94
479 282 -65
479 421 -34
480 261 20
480 345 -57
481 31 -16
481 171 -69
481 183 -67
481 295 -72
481 458 -72
482 173 -18
483 12 -40
483 34 -2
483 56 37
483 141 -79
483 174 -1
483 239 -87
483 411 -99
484 288 50
485 206 -65
485 210 -29
485 212 -5
486 131 -21
486 373 -35
487 25 26
487 107 -68
487 169 -95
487 202 0
487 248 45
487 429 3
487 458 4
487 468 -100
487 474 -59
488 3 23
488 232 -76
488 245 -99
488 325 -78
488 338 -24
488 457 -83
489 11 -1
489 158 -46
489 175 -31
489 360 -86
490 210 2
490 287 43
490 301 -71
490 479 66
491 10 22
491 362 -74
492 333 -72
492 341 0
492 391 -70
492 420 -79
492 496 -37
493 8 34
493 39 -100
493 48 -7
493 143 -51
493 315 -79
493 347 13
493 395 -79
494 10 48
494 106 -56
494 269 -50
494 408 26
495 92 -28
495 138 -67
495 244 15
495 413 -75
495 465 -29
496 209 -32
496 217 -3
496 266 -40
496 354 -28
496 390 -70
497 81 -79
497 86 -53
497 109 -1
497 216 -10
498 96 -1
498 126 33
498 231 -14
498 499 -19
499 169 -16
